<?xml version="1.0" encoding="UTF-8"?>
<!-- Generated by org.testng.reporters.JUnitReportReporter -->
<testsuite skipped="0" hostname="DESKTOP-A7L5GQS" name="com.methodparameter.BasicParameter" tests="1" failures="0" timestamp="30 Oct 2018 04:56:26 GMT" time="0.015" errors="0">
  <testcase name="test" time="0.015" classname="com.methodparameter.BasicParameter"/>
</testsuite> <!-- com.methodparameter.BasicParameter -->
