<?xml version="1.0" encoding="UTF-8"?>
<!-- Generated by org.testng.reporters.JUnitReportReporter -->
<testsuite skipped="0" hostname="DESKTOP-A7L5GQS" name="com.runner.TestNgRunner" tests="2" failures="0" timestamp="18 Nov 2018 05:32:41 GMT" time="37.842" errors="0">
  <testcase name="feature" time="22.565" classname="com.runner.TestNgRunner"/>
  <testcase name="feature" time="15.277" classname="com.runner.TestNgRunner"/>
</testsuite> <!-- com.runner.TestNgRunner -->
