<?xml version="1.0" encoding="UTF-8"?>
<!-- Generated by org.testng.reporters.JUnitReportReporter -->
<testsuite skipped="0" hostname="DESKTOP-A7L5GQS" name="com.string.DynamicValueFromTest" tests="1" failures="0" timestamp="30 Oct 2018 05:21:39 GMT" time="0.013" errors="0">
  <testcase name="getsalary" time="0.013" classname="com.string.DynamicValueFromTest"/>
</testsuite> <!-- com.string.DynamicValueFromTest -->
