<?xml version="1.0" encoding="UTF-8"?>
<!-- Generated by org.testng.reporters.JUnitReportReporter -->
<testsuite skipped="0" hostname="DESKTOP-A7L5GQS" name="com.usa.ttech.practicecode.DropDownMenu" tests="1" failures="0" timestamp="21 Nov 2018 23:17:26 GMT" time="17.074" errors="0">
  <testcase name="getdropDwon" time="17.074" classname="com.usa.ttech.practicecode.DropDownMenu"/>
</testsuite> <!-- com.usa.ttech.practicecode.DropDownMenu -->
