<?xml version="1.0" encoding="UTF-8"?>
<!-- Generated by org.testng.reporters.JUnitReportReporter -->
<testsuite skipped="0" hostname="DESKTOP-A7L5GQS" name="com.testnglogin.LoginTestng" tests="2" failures="0" timestamp="03 Nov 2018 05:28:56 GMT" time="3.113" errors="0">
  <testcase name="gcrLogin" time="2.525" classname="com.testnglogin.LoginTestng"/>
  <testcase name="loginValidation" time="0.588" classname="com.testnglogin.LoginTestng"/>
</testsuite> <!-- com.testnglogin.LoginTestng -->
