<?xml version="1.0" encoding="UTF-8"?>
<!-- Generated by org.testng.reporters.JUnitReportReporter -->
<testsuite skipped="0" hostname="DESKTOP-A7L5GQS" name="com.testng.TestNGListeners" tests="2" failures="0" timestamp="27 Oct 2018 03:19:55 GMT" time="7.946" errors="0">
  <testcase name="Login" time="7.927" classname="com.testng.TestNGListeners"/>
  <testcase name="TestToFail" time="0.019" classname="com.testng.TestNGListeners"/>
</testsuite> <!-- com.testng.TestNGListeners -->
