<?xml version="1.0" encoding="UTF-8"?>
<!-- Generated by org.testng.reporters.JUnitReportReporter -->
<testsuite skipped="0" hostname="DESKTOP-A7L5GQS" name="com.loginfunction.GcrLoginTest" tests="1" failures="0" timestamp="17 Nov 2018 00:43:18 GMT" time="9.436" errors="0">
  <testcase name="gettest" time="9.436" classname="com.loginfunction.GcrLoginTest"/>
</testsuite> <!-- com.loginfunction.GcrLoginTest -->
