<?xml version="1.0" encoding="UTF-8"?>
<!-- Generated by org.testng.reporters.JUnitReportReporter -->
<testsuite skipped="0" hostname="DESKTOP-A7L5GQS" name="com.runner.TestNgRunner" tests="2" failures="0" timestamp="05 Jan 2019 16:03:22 GMT" time="35.375" errors="0">
  <testcase name="feature" time="14.664" classname="com.runner.TestNgRunner"/>
  <testcase name="feature" time="20.711" classname="com.runner.TestNgRunner"/>
</testsuite> <!-- com.runner.TestNgRunner -->
