<?xml version="1.0" encoding="UTF-8"?>
<!-- Generated by org.testng.reporters.JUnitReportReporter -->
<testsuite skipped="0" hostname="DESKTOP-A7L5GQS" name="com.testngtest.LoginTestng" tests="2" failures="0" timestamp="27 Oct 2018 03:35:35 GMT" time="1.846" errors="0">
  <testcase name="loginValidation" time="0.124" classname="com.testngtest.LoginTestng"/>
  <testcase name="gcrLogin" time="1.722" classname="com.testngtest.LoginTestng"/>
</testsuite> <!-- com.testngtest.LoginTestng -->
